SF:lib\ui\view_models\loading_view_model.dart
DA:5,4
DA:7,2
DA:8,2
DA:9,2
DA:10,2
DA:13,1
DA:14,1
DA:15,1
DA:16,1
LF:9
LH:9
end_of_record
SF:lib\ui\view_models\connectivity_view_model.dart
DA:8,2
DA:13,1
DA:14,1
DA:15,4
DA:16,0
DA:20,1
DA:22,2
DA:23,1
DA:24,0
DA:25,0
DA:29,1
DA:30,1
DA:32,2
DA:33,0
DA:34,0
DA:38,1
DA:39,1
DA:42,0
DA:43,0
DA:46,0
DA:48,0
DA:49,0
LF:22
LH:12
end_of_record
SF:lib\ui\view_models\locale_view_model.dart
DA:6,2
DA:8,1
DA:9,2
DA:10,1
DA:11,1
LF:5
LH:5
end_of_record
SF:lib\ui\view_models\theme_view_model.dart
DA:6,2
DA:8,0
DA:9,0
DA:10,0
DA:12,0
DA:15,1
DA:16,1
DA:17,1
DA:20,1
DA:21,1
DA:22,1
LF:11
LH:7
end_of_record
SF:lib\ui\widgets\budget_bar.dart
DA:10,1
DA:17,1
DA:19,1
DA:20,1
DA:22,4
DA:23,3
DA:25,2
DA:26,1
DA:27,3
DA:30,5
DA:32,5
DA:34,1
DA:36,1
DA:37,1
DA:38,1
DA:39,1
DA:40,1
DA:41,1
DA:47,1
DA:48,1
DA:49,1
DA:51,1
DA:52,1
DA:54,1
DA:55,1
DA:56,1
DA:57,2
DA:58,1
DA:60,1
DA:62,3
DA:64,1
DA:65,2
DA:66,2
DA:71,1
DA:73,1
DA:74,1
DA:75,3
DA:76,3
DA:81,1
DA:82,2
DA:83,2
DA:84,1
DA:91,1
DA:92,1
DA:93,1
DA:96,2
DA:97,1
LF:47
LH:47
end_of_record
SF:lib\l10n\app_localizations.dart
DA:65,1
DA:66,2
DA:70,1
DA:71,1
DA:878,1
DA:880,1
DA:882,2
DA:885,1
DA:887,3
DA:889,0
DA:893,1
DA:895,1
DA:896,1
DA:897,0
DA:898,1
DA:899,1
DA:902,0
LF:17
LH:14
end_of_record
SF:lib\l10n\app_localizations_en.dart
DA:9,0
DA:11,0
DA:14,0
DA:17,0
DA:20,0
DA:23,0
DA:26,0
DA:29,0
DA:32,0
DA:35,0
DA:38,0
DA:41,0
DA:44,0
DA:47,0
DA:50,0
DA:53,0
DA:56,0
DA:59,0
DA:62,0
DA:65,0
DA:68,0
DA:71,0
DA:74,0
DA:77,0
DA:80,0
DA:83,0
DA:86,0
DA:89,0
DA:92,0
DA:95,0
DA:98,0
DA:101,0
DA:104,0
DA:107,0
DA:110,0
DA:113,0
DA:116,0
DA:119,0
DA:122,0
DA:125,0
DA:128,0
DA:131,0
DA:134,0
DA:137,0
DA:141,0
DA:144,0
DA:147,0
DA:150,0
DA:153,0
DA:156,0
DA:159,0
DA:162,0
DA:165,0
DA:168,0
DA:171,0
DA:174,0
DA:177,0
DA:180,0
DA:183,0
DA:186,0
DA:189,0
DA:192,0
DA:195,0
DA:198,0
DA:201,0
DA:204,0
DA:207,0
DA:210,0
DA:213,0
DA:216,0
DA:219,0
DA:222,0
DA:225,0
DA:228,0
DA:231,0
DA:234,0
DA:237,0
DA:240,0
DA:244,0
DA:247,0
DA:250,0
DA:253,0
DA:256,0
DA:259,0
DA:262,0
DA:265,0
DA:268,0
DA:271,0
DA:275,0
DA:278,0
DA:281,0
DA:284,0
DA:287,0
DA:290,0
DA:293,0
DA:296,0
DA:299,0
DA:302,0
DA:305,0
DA:308,0
DA:311,0
DA:314,0
DA:317,0
DA:320,0
DA:323,0
DA:326,0
DA:329,0
DA:332,0
DA:335,0
DA:338,0
DA:341,0
DA:344,0
DA:347,0
DA:350,0
DA:353,0
DA:356,0
DA:359,0
DA:362,0
DA:365,0
DA:368,0
DA:371,0
DA:374,0
DA:377,0
DA:380,0
DA:383,0
DA:386,0
DA:389,0
DA:392,0
DA:395,0
DA:398,0
LF:130
LH:0
end_of_record
SF:lib\l10n\app_localizations_pl.dart
DA:9,2
DA:11,0
DA:14,0
DA:17,0
DA:20,0
DA:23,0
DA:26,0
DA:29,0
DA:32,0
DA:35,0
DA:38,0
DA:41,0
DA:44,0
DA:47,0
DA:50,0
DA:53,0
DA:56,0
DA:59,0
DA:62,0
DA:65,0
DA:68,0
DA:71,0
DA:74,0
DA:77,0
DA:80,0
DA:83,0
DA:86,0
DA:89,0
DA:92,0
DA:95,0
DA:98,0
DA:101,0
DA:104,0
DA:107,0
DA:110,0
DA:113,0
DA:116,0
DA:119,0
DA:122,0
DA:125,0
DA:128,0
DA:131,0
DA:134,0
DA:137,0
DA:141,0
DA:144,0
DA:147,0
DA:150,0
DA:153,0
DA:156,0
DA:159,0
DA:162,0
DA:165,0
DA:168,0
DA:171,0
DA:174,0
DA:177,0
DA:180,1
DA:183,0
DA:186,1
DA:189,0
DA:192,0
DA:195,0
DA:198,0
DA:201,0
DA:204,0
DA:207,0
DA:210,0
DA:213,0
DA:216,0
DA:219,0
DA:222,0
DA:225,0
DA:228,0
DA:231,0
DA:234,0
DA:237,0
DA:240,0
DA:244,0
DA:247,0
DA:250,0
DA:253,0
DA:256,0
DA:259,0
DA:262,0
DA:265,0
DA:268,0
DA:271,0
DA:275,0
DA:278,0
DA:281,0
DA:284,0
DA:287,0
DA:290,0
DA:293,0
DA:296,0
DA:299,0
DA:302,0
DA:305,0
DA:308,0
DA:311,0
DA:314,0
DA:317,0
DA:320,0
DA:323,0
DA:326,0
DA:329,0
DA:332,0
DA:335,0
DA:338,0
DA:341,0
DA:344,0
DA:347,0
DA:350,0
DA:353,0
DA:356,0
DA:359,0
DA:362,0
DA:365,0
DA:368,0
DA:371,0
DA:374,0
DA:377,0
DA:380,0
DA:383,0
DA:386,0
DA:389,0
DA:392,0
DA:395,0
DA:398,0
LF:130
LH:3
end_of_record
SF:lib\ui\widgets\custom_loader.dart
DA:7,2
DA:9,2
DA:10,2
DA:21,2
DA:23,2
DA:25,4
DA:30,4
DA:31,2
DA:32,4
DA:33,4
DA:35,4
DA:36,2
DA:40,4
DA:45,4
DA:46,2
DA:47,4
DA:48,2
DA:49,2
DA:51,2
DA:52,2
DA:54,4
DA:55,2
DA:57,2
DA:59,2
DA:61,2
DA:63,4
DA:64,2
DA:66,2
DA:68,2
DA:70,2
DA:72,4
DA:73,2
DA:75,2
DA:77,2
DA:79,2
DA:81,4
DA:82,2
DA:84,2
DA:86,2
DA:88,2
DA:90,4
DA:91,2
DA:92,2
DA:94,2
DA:95,2
DA:97,4
DA:98,2
DA:100,2
DA:102,2
DA:104,2
DA:106,4
DA:108,4
DA:110,4
DA:111,4
DA:114,2
DA:116,4
DA:117,4
DA:118,2
DA:121,2
DA:123,4
DA:125,10
DA:127,4
DA:129,2
DA:130,8
DA:131,2
DA:132,4
DA:133,2
DA:134,10
DA:135,2
DA:136,2
DA:137,2
DA:138,4
DA:151,2
DA:156,3
DA:158,3
DA:161,1
DA:162,2
DA:163,2
DA:167,3
DA:168,1
DA:169,1
DA:170,1
DA:171,1
DA:173,1
DA:175,1
DA:176,5
DA:178,2
DA:179,2
DA:181,1
DA:182,1
DA:183,2
DA:184,2
DA:187,2
DA:189,1
DA:192,2
DA:194,6
LF:96
LH:96
end_of_record
SF:lib\ui\widgets\global_loader_overlay.dart
DA:7,1
DA:9,1
DA:11,1
DA:12,1
DA:13,1
DA:15,1
DA:16,1
DA:17,1
DA:18,1
DA:19,1
DA:20,1
DA:21,1
LF:12
LH:12
end_of_record
SF:lib\ui\widgets\receipt_card.dart
DA:9,1
DA:15,1
DA:17,1
DA:18,1
DA:19,2
DA:22,2
DA:25,1
DA:26,1
DA:30,1
DA:32,1
DA:34,1
DA:36,2
DA:38,2
DA:39,1
DA:40,1
DA:41,1
DA:42,1
DA:44,1
DA:45,1
DA:46,1
DA:49,1
DA:50,2
DA:51,1
DA:54,2
DA:55,0
DA:57,0
DA:58,0
DA:60,0
DA:61,0
DA:62,0
DA:63,0
DA:68,1
DA:69,3
DA:70,2
DA:74,1
DA:75,1
DA:77,1
DA:78,1
DA:79,2
DA:80,3
DA:84,2
DA:85,1
DA:86,2
DA:87,3
DA:88,2
DA:89,1
DA:95,1
DA:96,8
DA:97,3
DA:99,2
LF:50
LH:43
end_of_record
SF:lib\data\models\receipt_model.dart
DA:15,1
DA:26,0
DA:28,0
DA:29,0
DA:30,0
DA:31,0
DA:32,0
DA:33,0
DA:34,0
DA:35,0
DA:37,0
DA:38,0
DA:41,0
DA:42,0
DA:46,0
DA:47,0
DA:48,0
DA:49,0
DA:50,0
DA:51,0
DA:52,0
DA:53,0
LF:22
LH:1
end_of_record
